Determining if the pthread_create exist failed with the following output:
Change Dir: /home/alan/catkin_ws/src/voxgraph/voxgraph/CMakeFiles/CMakeTmp

Run Build Command:"/usr/bin/make" "cmTC_d9975/fast"
/usr/bin/make -f CMakeFiles/cmTC_d9975.dir/build.make CMakeFiles/cmTC_d9975.dir/build
make[1]: Entering directory '/home/alan/catkin_ws/src/voxgraph/voxgraph/CMakeFiles/CMakeTmp'
Building C object CMakeFiles/cmTC_d9975.dir/CheckSymbolExists.c.o
/usr/bin/cc    -o CMakeFiles/cmTC_d9975.dir/CheckSymbolExists.c.o   -c /home/alan/catkin_ws/src/voxgraph/voxgraph/CMakeFiles/CMakeTmp/CheckSymbolExists.c
Linking C executable cmTC_d9975
/usr/local/bin/cmake -E cmake_link_script CMakeFiles/cmTC_d9975.dir/link.txt --verbose=1
/usr/bin/cc      -rdynamic CMakeFiles/cmTC_d9975.dir/CheckSymbolExists.c.o  -o cmTC_d9975 
CMakeFiles/cmTC_d9975.dir/CheckSymbolExists.c.o: In function `main':
CheckSymbolExists.c:(.text+0x1b): undefined reference to `pthread_create'
collect2: error: ld returned 1 exit status
CMakeFiles/cmTC_d9975.dir/build.make:86: recipe for target 'cmTC_d9975' failed
make[1]: *** [cmTC_d9975] Error 1
make[1]: Leaving directory '/home/alan/catkin_ws/src/voxgraph/voxgraph/CMakeFiles/CMakeTmp'
Makefile:121: recipe for target 'cmTC_d9975/fast' failed
make: *** [cmTC_d9975/fast] Error 2

File /home/alan/catkin_ws/src/voxgraph/voxgraph/CMakeFiles/CMakeTmp/CheckSymbolExists.c:
/* */
#include <pthread.h>

int main(int argc, char** argv)
{
  (void)argv;
#ifndef pthread_create
  return ((int*)(&pthread_create))[argc];
#else
  (void)argc;
  return 0;
#endif
}

Determining if the function pthread_create exists in the pthreads failed with the following output:
Change Dir: /home/alan/catkin_ws/src/voxgraph/voxgraph/CMakeFiles/CMakeTmp

Run Build Command:"/usr/bin/make" "cmTC_141a0/fast"
/usr/bin/make -f CMakeFiles/cmTC_141a0.dir/build.make CMakeFiles/cmTC_141a0.dir/build
make[1]: Entering directory '/home/alan/catkin_ws/src/voxgraph/voxgraph/CMakeFiles/CMakeTmp'
Building C object CMakeFiles/cmTC_141a0.dir/CheckFunctionExists.c.o
/usr/bin/cc   -DCHECK_FUNCTION_EXISTS=pthread_create   -o CMakeFiles/cmTC_141a0.dir/CheckFunctionExists.c.o   -c /usr/local/share/cmake-3.13/Modules/CheckFunctionExists.c
Linking C executable cmTC_141a0
/usr/local/bin/cmake -E cmake_link_script CMakeFiles/cmTC_141a0.dir/link.txt --verbose=1
/usr/bin/cc  -DCHECK_FUNCTION_EXISTS=pthread_create    -rdynamic CMakeFiles/cmTC_141a0.dir/CheckFunctionExists.c.o  -o cmTC_141a0 -lpthreads 
/usr/bin/ld: cannot find -lpthreads
collect2: error: ld returned 1 exit status
CMakeFiles/cmTC_141a0.dir/build.make:86: recipe for target 'cmTC_141a0' failed
make[1]: *** [cmTC_141a0] Error 1
make[1]: Leaving directory '/home/alan/catkin_ws/src/voxgraph/voxgraph/CMakeFiles/CMakeTmp'
Makefile:121: recipe for target 'cmTC_141a0/fast' failed
make: *** [cmTC_141a0/fast] Error 2


Determining if the pthread_create exist failed with the following output:
Change Dir: /home/alan/catkin_ws/src/voxgraph/voxgraph/CMakeFiles/CMakeTmp

Run Build Command:"/usr/bin/make" "cmTC_ccf9c/fast"
/usr/bin/make -f CMakeFiles/cmTC_ccf9c.dir/build.make CMakeFiles/cmTC_ccf9c.dir/build
make[1]: Entering directory '/home/alan/catkin_ws/src/voxgraph/voxgraph/CMakeFiles/CMakeTmp'
Building C object CMakeFiles/cmTC_ccf9c.dir/CheckSymbolExists.c.o
/usr/bin/clang    -o CMakeFiles/cmTC_ccf9c.dir/CheckSymbolExists.c.o   -c /home/alan/catkin_ws/src/voxgraph/voxgraph/CMakeFiles/CMakeTmp/CheckSymbolExists.c
Linking C executable cmTC_ccf9c
/usr/local/bin/cmake -E cmake_link_script CMakeFiles/cmTC_ccf9c.dir/link.txt --verbose=1
/usr/bin/clang      -rdynamic CMakeFiles/cmTC_ccf9c.dir/CheckSymbolExists.c.o  -o cmTC_ccf9c 
CMakeFiles/cmTC_ccf9c.dir/CheckSymbolExists.c.o: In function `main':
CheckSymbolExists.c:(.text+0x19): undefined reference to `pthread_create'
clang: error: linker command failed with exit code 1 (use -v to see invocation)
CMakeFiles/cmTC_ccf9c.dir/build.make:86: recipe for target 'cmTC_ccf9c' failed
make[1]: *** [cmTC_ccf9c] Error 1
make[1]: Leaving directory '/home/alan/catkin_ws/src/voxgraph/voxgraph/CMakeFiles/CMakeTmp'
Makefile:121: recipe for target 'cmTC_ccf9c/fast' failed
make: *** [cmTC_ccf9c/fast] Error 2

File /home/alan/catkin_ws/src/voxgraph/voxgraph/CMakeFiles/CMakeTmp/CheckSymbolExists.c:
/* */
#include <pthread.h>

int main(int argc, char** argv)
{
  (void)argv;
#ifndef pthread_create
  return ((int*)(&pthread_create))[argc];
#else
  (void)argc;
  return 0;
#endif
}

Determining if the function pthread_create exists in the pthreads failed with the following output:
Change Dir: /home/alan/catkin_ws/src/voxgraph/voxgraph/CMakeFiles/CMakeTmp

Run Build Command:"/usr/bin/make" "cmTC_82c1e/fast"
/usr/bin/make -f CMakeFiles/cmTC_82c1e.dir/build.make CMakeFiles/cmTC_82c1e.dir/build
make[1]: Entering directory '/home/alan/catkin_ws/src/voxgraph/voxgraph/CMakeFiles/CMakeTmp'
Building C object CMakeFiles/cmTC_82c1e.dir/CheckFunctionExists.c.o
/usr/bin/clang   -DCHECK_FUNCTION_EXISTS=pthread_create   -o CMakeFiles/cmTC_82c1e.dir/CheckFunctionExists.c.o   -c /usr/local/share/cmake-3.13/Modules/CheckFunctionExists.c
Linking C executable cmTC_82c1e
/usr/local/bin/cmake -E cmake_link_script CMakeFiles/cmTC_82c1e.dir/link.txt --verbose=1
/usr/bin/clang  -DCHECK_FUNCTION_EXISTS=pthread_create    -rdynamic CMakeFiles/cmTC_82c1e.dir/CheckFunctionExists.c.o  -o cmTC_82c1e -lpthreads 
/usr/bin/ld: cannot find -lpthreads
clang: error: linker command failed with exit code 1 (use -v to see invocation)
CMakeFiles/cmTC_82c1e.dir/build.make:86: recipe for target 'cmTC_82c1e' failed
make[1]: *** [cmTC_82c1e] Error 1
make[1]: Leaving directory '/home/alan/catkin_ws/src/voxgraph/voxgraph/CMakeFiles/CMakeTmp'
Makefile:121: recipe for target 'cmTC_82c1e/fast' failed
make: *** [cmTC_82c1e/fast] Error 2


