Determining if the pthread_create exist failed with the following output:
Change Dir: /home/alan/catkin_ws/src/voxgraph/voxgraph/build/CMakeFiles/CMakeTmp

Run Build Command:"/usr/bin/make" "cmTC_7da25/fast"
/usr/bin/make -f CMakeFiles/cmTC_7da25.dir/build.make CMakeFiles/cmTC_7da25.dir/build
make[1]: Entering directory '/home/alan/catkin_ws/src/voxgraph/voxgraph/build/CMakeFiles/CMakeTmp'
Building C object CMakeFiles/cmTC_7da25.dir/CheckSymbolExists.c.o
/usr/bin/cc    -o CMakeFiles/cmTC_7da25.dir/CheckSymbolExists.c.o   -c /home/alan/catkin_ws/src/voxgraph/voxgraph/build/CMakeFiles/CMakeTmp/CheckSymbolExists.c
Linking C executable cmTC_7da25
/usr/local/bin/cmake -E cmake_link_script CMakeFiles/cmTC_7da25.dir/link.txt --verbose=1
/usr/bin/cc      -rdynamic CMakeFiles/cmTC_7da25.dir/CheckSymbolExists.c.o  -o cmTC_7da25 
CMakeFiles/cmTC_7da25.dir/CheckSymbolExists.c.o: In function `main':
CheckSymbolExists.c:(.text+0x1b): undefined reference to `pthread_create'
collect2: error: ld returned 1 exit status
CMakeFiles/cmTC_7da25.dir/build.make:86: recipe for target 'cmTC_7da25' failed
make[1]: *** [cmTC_7da25] Error 1
make[1]: Leaving directory '/home/alan/catkin_ws/src/voxgraph/voxgraph/build/CMakeFiles/CMakeTmp'
Makefile:121: recipe for target 'cmTC_7da25/fast' failed
make: *** [cmTC_7da25/fast] Error 2

File /home/alan/catkin_ws/src/voxgraph/voxgraph/build/CMakeFiles/CMakeTmp/CheckSymbolExists.c:
/* */
#include <pthread.h>

int main(int argc, char** argv)
{
  (void)argv;
#ifndef pthread_create
  return ((int*)(&pthread_create))[argc];
#else
  (void)argc;
  return 0;
#endif
}

Determining if the function pthread_create exists in the pthreads failed with the following output:
Change Dir: /home/alan/catkin_ws/src/voxgraph/voxgraph/build/CMakeFiles/CMakeTmp

Run Build Command:"/usr/bin/make" "cmTC_b97fd/fast"
/usr/bin/make -f CMakeFiles/cmTC_b97fd.dir/build.make CMakeFiles/cmTC_b97fd.dir/build
make[1]: Entering directory '/home/alan/catkin_ws/src/voxgraph/voxgraph/build/CMakeFiles/CMakeTmp'
Building C object CMakeFiles/cmTC_b97fd.dir/CheckFunctionExists.c.o
/usr/bin/cc   -DCHECK_FUNCTION_EXISTS=pthread_create   -o CMakeFiles/cmTC_b97fd.dir/CheckFunctionExists.c.o   -c /usr/local/share/cmake-3.13/Modules/CheckFunctionExists.c
Linking C executable cmTC_b97fd
/usr/local/bin/cmake -E cmake_link_script CMakeFiles/cmTC_b97fd.dir/link.txt --verbose=1
/usr/bin/cc  -DCHECK_FUNCTION_EXISTS=pthread_create    -rdynamic CMakeFiles/cmTC_b97fd.dir/CheckFunctionExists.c.o  -o cmTC_b97fd -lpthreads 
/usr/bin/ld: cannot find -lpthreads
collect2: error: ld returned 1 exit status
CMakeFiles/cmTC_b97fd.dir/build.make:86: recipe for target 'cmTC_b97fd' failed
make[1]: *** [cmTC_b97fd] Error 1
make[1]: Leaving directory '/home/alan/catkin_ws/src/voxgraph/voxgraph/build/CMakeFiles/CMakeTmp'
Makefile:121: recipe for target 'cmTC_b97fd/fast' failed
make: *** [cmTC_b97fd/fast] Error 2


